#
# There is insufficient memory for the Java Runtime Environment to continue.
# Native memory allocation (malloc) failed to allocate 1290256 bytes for Chunk::new
# Possible reasons:
#   The system is out of physical RAM or swap space
#   In 32 bit mode, the process size limit was hit
# Possible solutions:
#   Reduce memory load on the system
#   Increase physical memory or swap space
#   Check if swap backing store is full
#   Use 64 bit Java on a 64 bit OS
#   Decrease Java heap size (-Xmx/-Xms)
#   Decrease number of Java threads
#   Decrease Java thread stack sizes (-Xss)
#   Set larger code cache with -XX:ReservedCodeCacheSize=
# This output file may be truncated or incomplete.
#
#  Out of Memory Error (allocation.cpp:390), pid=1160, tid=0x0000000000002a64
#
# JRE version: Java(TM) SE Runtime Environment (8.0_144-b01) (build 1.8.0_144-b01)
# Java VM: Java HotSpot(TM) 64-Bit Server VM (25.144-b01 mixed mode windows-amd64 compressed oops)
# Failed to write core dump. Minidumps are not enabled by default on client versions of Windows
#

---------------  T H R E A D  ---------------

Current thread (0x0000000018fef800):  JavaThread "C2 CompilerThread0" daemon [_thread_in_native, id=10852, stack(0x00000000194d0000,0x00000000195d0000)]

Stack: [0x00000000194d0000,0x00000000195d0000]
[error occurred during error reporting (printing stack bounds), id 0xc0000005]

Native frames: (J=compiled Java code, j=interpreted, Vv=VM code, C=native code)


Current CompileTask:
C2:  12123 2919       4       org.springframework.core.annotation.AnnotationUtils::postProcessAnnotationAttributes (461 bytes)


---------------  P R O C E S S  ---------------

Java Threads: ( => current thread )
  0x000000001a297000 JavaThread "SimpleAsyncTaskExecutor-1" [_thread_blocked, id=10848, stack(0x00000000218b0000,0x00000000219b0000)]
  0x000000001a29a800 JavaThread "pool-1-thread-9" [_thread_blocked, id=8816, stack(0x00000000217b0000,0x00000000218b0000)]
  0x000000001a299000 JavaThread "SimpleAsyncTaskExecutor-1" [_thread_blocked, id=1696, stack(0x00000000216b0000,0x00000000217b0000)]
  0x000000001ab04000 JavaThread "pool-1-thread-8" [_thread_blocked, id=12924, stack(0x00000000215b0000,0x00000000216b0000)]
  0x000000001ab01000 JavaThread "SimpleAsyncTaskExecutor-1" [_thread_blocked, id=12608, stack(0x00000000214b0000,0x00000000215b0000)]
  0x000000001ab04800 JavaThread "pool-1-thread-7" [_thread_blocked, id=7436, stack(0x00000000213b0000,0x00000000214b0000)]
  0x000000001ab02800 JavaThread "SimpleAsyncTaskExecutor-1" [_thread_blocked, id=11380, stack(0x00000000212b0000,0x00000000213b0000)]
  0x000000001ab01800 JavaThread "pool-1-thread-6" [_thread_blocked, id=3672, stack(0x00000000211b0000,0x00000000212b0000)]
  0x000000001ab03000 JavaThread "SimpleAsyncTaskExecutor-1" [_thread_blocked, id=224, stack(0x00000000210b0000,0x00000000211b0000)]
  0x000000001aaff800 JavaThread "pool-1-thread-5" [_thread_blocked, id=8532, stack(0x0000000020fb0000,0x00000000210b0000)]
  0x000000001aafe800 JavaThread "SimpleAsyncTaskExecutor-1" [_thread_blocked, id=7088, stack(0x0000000020eb0000,0x0000000020fb0000)]
  0x000000001ab00000 JavaThread "pool-1-thread-4" [_thread_blocked, id=10360, stack(0x0000000020db0000,0x0000000020eb0000)]
  0x000000001ab05800 JavaThread "SimpleAsyncTaskExecutor-1" [_thread_blocked, id=1108, stack(0x0000000020b60000,0x0000000020c60000)]
  0x0000000019f65000 JavaThread "pool-1-thread-3" [_thread_blocked, id=12984, stack(0x0000000020a60000,0x0000000020b60000)]
  0x000000001e69d800 JavaThread "pool-1-thread-2" [_thread_blocked, id=9832, stack(0x000000001f6f0000,0x000000001f7f0000)]
  0x000000001d71c800 JavaThread "AMQP Connection 127.0.0.1:5672" [_thread_in_native, id=5592, stack(0x000000001f5f0000,0x000000001f6f0000)]
  0x000000001f9d7000 JavaThread "SimpleAsyncTaskExecutor-1" [_thread_blocked, id=4580, stack(0x000000001f110000,0x000000001f210000)]
  0x00000000190ce000 JavaThread "File Watcher" daemon [_thread_blocked, id=9192, stack(0x000000001f010000,0x000000001f110000)]
  0x0000000019f65800 JavaThread "restartedMain" [_thread_blocked, id=8436, stack(0x000000001b2a0000,0x000000001b3a0000)]
  0x000000001a48c000 JavaThread "Thread-0" [_thread_blocked, id=7284, stack(0x000000001b1a0000,0x000000001b2a0000)]
  0x0000000019093800 JavaThread "Service Thread" daemon [_thread_blocked, id=7772, stack(0x00000000197d0000,0x00000000198d0000)]
  0x0000000019042000 JavaThread "C1 CompilerThread2" daemon [_thread_blocked, id=2616, stack(0x00000000196d0000,0x00000000197d0000)]
  0x0000000018ff3800 JavaThread "C2 CompilerThread1" daemon [_thread_in_native, id=10292, stack(0x00000000195d0000,0x00000000196d0000)]
=>0x0000000018fef800 JavaThread "C2 CompilerThread0" daemon [_thread_in_native, id=10852, stack(0x00000000194d0000,0x00000000195d0000)]
  0x0000000018f33000 JavaThread "Monitor Ctrl-Break" daemon [_thread_in_native, id=12440, stack(0x00000000193d0000,0x00000000194d0000)]
  0x0000000017a91800 JavaThread "Attach Listener" daemon [_thread_blocked, id=11844, stack(0x00000000192d0000,0x00000000193d0000)]
  0x0000000018e13800 JavaThread "Signal Dispatcher" daemon [_thread_blocked, id=10800, stack(0x00000000191d0000,0x00000000192d0000)]
  0x0000000002f5e000 JavaThread "Finalizer" daemon [_thread_blocked, id=9044, stack(0x0000000018cd0000,0x0000000018dd0000)]
  0x0000000002f55000 JavaThread "Reference Handler" daemon [_thread_blocked, id=8676, stack(0x0000000018bd0000,0x0000000018cd0000)]
  0x0000000002e65000 JavaThread "main" [_thread_blocked, id=4024, stack(0x0000000002ba0000,0x0000000002ca0000)]

Other Threads:
  0x0000000017a47800 VMThread [stack: 0x0000000018ad0000,0x0000000018bd0000] [id=3340]
  0x0000000019122000 WatcherThread [stack: 0x00000000198d0000,0x00000000199d0000] [id=8244]

VM state:not at safepoint (normal execution)

VM Mutex/Monitor currently owned by a thread: None

Heap:
 PSYoungGen      total 138240K, used 98432K [0x00000000d5f80000, 0x00000000deb80000, 0x0000000100000000)
  eden space 133120K, 73% used [0x00000000d5f80000,0x00000000dbfa0370,0x00000000de180000)
  from space 5120K, 0% used [0x00000000de180000,0x00000000de180000,0x00000000de680000)
  to   space 5120K, 0% used [0x00000000de680000,0x00000000de680000,0x00000000deb80000)
 ParOldGen       total 60416K, used 13047K [0x0000000081e00000, 0x0000000085900000, 0x00000000d5f80000)
  object space 60416K, 21% used [0x0000000081e00000,0x0000000082abdcf8,0x0000000085900000)
 Metaspace       used 24766K, capacity 25154K, committed 25344K, reserved 1071104K
  class space    used 3163K, capacity 3311K, committed 3328K, reserved 1048576K

Card table byte_map: [0x0000000012320000,0x0000000012720000] byte_map_base: 0x0000000011f11000

Marking Bits: (ParMarkBitMap*) 0x000000006936d850
 Begin Bits: [0x0000000012dd0000, 0x0000000014d58000)
 End Bits:   [0x0000000014d58000, 0x0000000016ce0000)

Polling page: 0x0000000000970000

CodeCache: size=245760Kb used=10634Kb max_used=11298Kb free=235125Kb
 bounds [0x0000000002f60000, 0x0000000003a80000, 0x0000000011f60000]
 total_blobs=3121 nmethods=2730 adapters=303
 compilation: enabled

Compilation events (10 events):
Event: 12.000 Thread 0x0000000019042000 2959       1       ch.qos.logback.classic.selector.DefaultContextSelector::getDefaultLoggerContext (5 bytes)
Event: 12.000 Thread 0x0000000019042000 nmethod 2959 0x00000000031d8550 code [0x00000000031d86a0, 0x00000000031d87b0]
Event: 12.065 Thread 0x0000000019042000 2960       3       java.io.File::isDirectory (43 bytes)
Event: 12.066 Thread 0x0000000019042000 nmethod 2960 0x00000000031bd650 code [0x00000000031bd7e0, 0x00000000031bdc68]
Event: 12.068 Thread 0x0000000019042000 2961  s    3       java.io.BufferedOutputStream::write (35 bytes)
Event: 12.069 Thread 0x0000000019042000 nmethod 2961 0x00000000031c01d0 code [0x00000000031c0360, 0x00000000031c0828]
Event: 12.073 Thread 0x0000000019042000 2962       1       java.util.concurrent.atomic.AtomicInteger::get (5 bytes)
Event: 12.073 Thread 0x0000000019042000 nmethod 2962 0x0000000003551610 code [0x0000000003551760, 0x0000000003551870]
Event: 12.087 Thread 0x0000000019042000 2963  s    1       com.rabbitmq.client.impl.CommandAssembler::getMethod (5 bytes)
Event: 12.087 Thread 0x0000000019042000 nmethod 2963 0x00000000032159d0 code [0x0000000003215b20, 0x0000000003215d90]

GC Heap History (10 events):
Event: 2.969 GC heap before
{Heap before GC invocations=2 (full 0):
 PSYoungGen      total 38400K, used 38369K [0x00000000d5f80000, 0x00000000daa80000, 0x0000000100000000)
  eden space 33280K, 100% used [0x00000000d5f80000,0x00000000d8000000,0x00000000d8000000)
  from space 5120K, 99% used [0x00000000d8000000,0x00000000d84f86a8,0x00000000d8500000)
  to   space 5120K, 0% used [0x00000000da580000,0x00000000da580000,0x00000000daa80000)
 ParOldGen       total 87552K, used 720K [0x0000000081e00000, 0x0000000087380000, 0x00000000d5f80000)
  object space 87552K, 0% used [0x0000000081e00000,0x0000000081eb4350,0x0000000087380000)
 Metaspace       used 10167K, capacity 10404K, committed 10496K, reserved 1058816K
  class space    used 1156K, capacity 1209K, committed 1280K, reserved 1048576K
Event: 2.984 GC heap after
Heap after GC invocations=2 (full 0):
 PSYoungGen      total 71680K, used 5096K [0x00000000d5f80000, 0x00000000daa80000, 0x0000000100000000)
  eden space 66560K, 0% used [0x00000000d5f80000,0x00000000d5f80000,0x00000000da080000)
  from space 5120K, 99% used [0x00000000da580000,0x00000000daa7a008,0x00000000daa80000)
  to   space 5120K, 0% used [0x00000000da080000,0x00000000da080000,0x00000000da580000)
 ParOldGen       total 87552K, used 3024K [0x0000000081e00000, 0x0000000087380000, 0x00000000d5f80000)
  object space 87552K, 3% used [0x0000000081e00000,0x00000000820f4290,0x0000000087380000)
 Metaspace       used 10167K, capacity 10404K, committed 10496K, reserved 1058816K
  class space    used 1156K, capacity 1209K, committed 1280K, reserved 1048576K
}
Event: 6.306 GC heap before
{Heap before GC invocations=3 (full 0):
 PSYoungGen      total 71680K, used 71656K [0x00000000d5f80000, 0x00000000daa80000, 0x0000000100000000)
  eden space 66560K, 100% used [0x00000000d5f80000,0x00000000da080000,0x00000000da080000)
  from space 5120K, 99% used [0x00000000da580000,0x00000000daa7a008,0x00000000daa80000)
  to   space 5120K, 0% used [0x00000000da080000,0x00000000da080000,0x00000000da580000)
 ParOldGen       total 87552K, used 3024K [0x0000000081e00000, 0x0000000087380000, 0x00000000d5f80000)
  object space 87552K, 3% used [0x0000000081e00000,0x00000000820f4290,0x0000000087380000)
 Metaspace       used 16281K, capacity 16480K, committed 16640K, reserved 1064960K
  class space    used 1979K, capacity 2035K, committed 2048K, reserved 1048576K
Event: 6.330 GC heap after
Heap after GC invocations=3 (full 0):
 PSYoungGen      total 71680K, used 5104K [0x00000000d5f80000, 0x00000000deb80000, 0x0000000100000000)
  eden space 66560K, 0% used [0x00000000d5f80000,0x00000000d5f80000,0x00000000da080000)
  from space 5120K, 99% used [0x00000000da080000,0x00000000da57c090,0x00000000da580000)
  to   space 5120K, 0% used [0x00000000de680000,0x00000000de680000,0x00000000deb80000)
 ParOldGen       total 87552K, used 9041K [0x0000000081e00000, 0x0000000087380000, 0x00000000d5f80000)
  object space 87552K, 10% used [0x0000000081e00000,0x00000000826d4648,0x0000000087380000)
 Metaspace       used 16281K, capacity 16480K, committed 16640K, reserved 1064960K
  class space    used 1979K, capacity 2035K, committed 2048K, reserved 1048576K
}
Event: 8.497 GC heap before
{Heap before GC invocations=4 (full 0):
 PSYoungGen      total 71680K, used 71664K [0x00000000d5f80000, 0x00000000deb80000, 0x0000000100000000)
  eden space 66560K, 100% used [0x00000000d5f80000,0x00000000da080000,0x00000000da080000)
  from space 5120K, 99% used [0x00000000da080000,0x00000000da57c090,0x00000000da580000)
  to   space 5120K, 0% used [0x00000000de680000,0x00000000de680000,0x00000000deb80000)
 ParOldGen       total 87552K, used 9041K [0x0000000081e00000, 0x0000000087380000, 0x00000000d5f80000)
  object space 87552K, 10% used [0x0000000081e00000,0x00000000826d4648,0x0000000087380000)
 Metaspace       used 18069K, capacity 18410K, committed 18560K, reserved 1064960K
  class space    used 2229K, capacity 2333K, committed 2432K, reserved 1048576K
Event: 8.518 GC heap after
Heap after GC invocations=4 (full 0):
 PSYoungGen      total 138240K, used 5112K [0x00000000d5f80000, 0x00000000deb80000, 0x0000000100000000)
  eden space 133120K, 0% used [0x00000000d5f80000,0x00000000d5f80000,0x00000000de180000)
  from space 5120K, 99% used [0x00000000de680000,0x00000000deb7e030,0x00000000deb80000)
  to   space 5120K, 0% used [0x00000000de180000,0x00000000de180000,0x00000000de680000)
 ParOldGen       total 87552K, used 11794K [0x0000000081e00000, 0x0000000087380000, 0x00000000d5f80000)
  object space 87552K, 13% used [0x0000000081e00000,0x0000000082984970,0x0000000087380000)
 Metaspace       used 18069K, capacity 18410K, committed 18560K, reserved 1064960K
  class space    used 2229K, capacity 2333K, committed 2432K, reserved 1048576K
}
Event: 9.987 GC heap before
{Heap before GC invocations=5 (full 0):
 PSYoungGen      total 138240K, used 45502K [0x00000000d5f80000, 0x00000000deb80000, 0x0000000100000000)
  eden space 133120K, 30% used [0x00000000d5f80000,0x00000000d86f19c8,0x00000000de180000)
  from space 5120K, 99% used [0x00000000de680000,0x00000000deb7e030,0x00000000deb80000)
  to   space 5120K, 0% used [0x00000000de180000,0x00000000de180000,0x00000000de680000)
 ParOldGen       total 87552K, used 11794K [0x0000000081e00000, 0x0000000087380000, 0x00000000d5f80000)
  object space 87552K, 13% used [0x0000000081e00000,0x0000000082984970,0x0000000087380000)
 Metaspace       used 20753K, capacity 21062K, committed 21296K, reserved 1069056K
  class space    used 2575K, capacity 2661K, committed 2688K, reserved 1048576K
Event: 10.005 GC heap after
Heap after GC invocations=5 (full 0):
 PSYoungGen      total 138240K, used 5114K [0x00000000d5f80000, 0x00000000deb80000, 0x0000000100000000)
  eden space 133120K, 0% used [0x00000000d5f80000,0x00000000d5f80000,0x00000000de180000)
  from space 5120K, 99% used [0x00000000de180000,0x00000000de67eb78,0x00000000de680000)
  to   space 5120K, 0% used [0x00000000de680000,0x00000000de680000,0x00000000deb80000)
 ParOldGen       total 87552K, used 16253K [0x0000000081e00000, 0x0000000087380000, 0x00000000d5f80000)
  object space 87552K, 18% used [0x0000000081e00000,0x0000000082ddf7b0,0x0000000087380000)
 Metaspace       used 20753K, capacity 21062K, committed 21296K, reserved 1069056K
  class space    used 2575K, capacity 2661K, committed 2688K, reserved 1048576K
}
Event: 10.005 GC heap before
{Heap before GC invocations=6 (full 1):
 PSYoungGen      total 138240K, used 5114K [0x00000000d5f80000, 0x00000000deb80000, 0x0000000100000000)
  eden space 133120K, 0% used [0x00000000d5f80000,0x00000000d5f80000,0x00000000de180000)
  from space 5120K, 99% used [0x00000000de180000,0x00000000de67eb78,0x00000000de680000)
  to   space 5120K, 0% used [0x00000000de680000,0x00000000de680000,0x00000000deb80000)
 ParOldGen       total 87552K, used 16253K [0x0000000081e00000, 0x0000000087380000, 0x00000000d5f80000)
  object space 87552K, 18% used [0x0000000081e00000,0x0000000082ddf7b0,0x0000000087380000)
 Metaspace       used 20753K, capacity 21062K, committed 21296K, reserved 1069056K
  class space    used 2575K, capacity 2661K, committed 2688K, reserved 1048576K
Event: 10.088 GC heap after
Heap after GC invocations=6 (full 1):
 PSYoungGen      total 138240K, used 0K [0x00000000d5f80000, 0x00000000deb80000, 0x0000000100000000)
  eden space 133120K, 0% used [0x00000000d5f80000,0x00000000d5f80000,0x00000000de180000)
  from space 5120K, 0% used [0x00000000de180000,0x00000000de180000,0x00000000de680000)
  to   space 5120K, 0% used [0x00000000de680000,0x00000000de680000,0x00000000deb80000)
 ParOldGen       total 60416K, used 13047K [0x0000000081e00000, 0x0000000085900000, 0x00000000d5f80000)
  object space 60416K, 21% used [0x0000000081e00000,0x0000000082abdcf8,0x0000000085900000)
 Metaspace       used 20753K, capacity 21062K, committed 21296K, reserved 1069056K
  class space    used 2575K, capacity 2661K, committed 2688K, reserved 1048576K
}

Deoptimization events (10 events):
Event: 11.667 Thread 0x000000001f9d7000 Uncommon trap: reason=class_check action=maybe_recompile pc=0x00000000033f31fc method=java.io.DataOutputStream.write(I)V @ 5
Event: 11.667 Thread 0x000000001f9d7000 Uncommon trap: reason=class_check action=maybe_recompile pc=0x00000000033f31fc method=java.io.DataOutputStream.write(I)V @ 5
Event: 11.742 Thread 0x000000001f9d7000 Uncommon trap: reason=bimorphic action=maybe_recompile pc=0x0000000003366c34 method=java.io.DataOutputStream.writeByte(I)V @ 5
Event: 11.742 Thread 0x000000001f9d7000 Uncommon trap: reason=bimorphic action=maybe_recompile pc=0x000000000337a724 method=java.io.DataOutputStream.writeShort(I)V @ 12
Event: 11.754 Thread 0x000000001f9d7000 Uncommon trap: reason=bimorphic action=maybe_recompile pc=0x0000000003366c34 method=java.io.DataOutputStream.writeByte(I)V @ 5
Event: 11.754 Thread 0x000000001f9d7000 Uncommon trap: reason=bimorphic action=maybe_recompile pc=0x000000000337a724 method=java.io.DataOutputStream.writeShort(I)V @ 12
Event: 11.755 Thread 0x000000001f9d7000 Uncommon trap: reason=bimorphic action=maybe_recompile pc=0x0000000003366c34 method=java.io.DataOutputStream.writeByte(I)V @ 5
Event: 11.755 Thread 0x000000001f9d7000 Uncommon trap: reason=bimorphic action=maybe_recompile pc=0x000000000337a724 method=java.io.DataOutputStream.writeShort(I)V @ 12
Event: 11.815 Thread 0x000000001f9d7000 Uncommon trap: reason=bimorphic action=maybe_recompile pc=0x0000000003366c34 method=java.io.DataOutputStream.writeByte(I)V @ 5
Event: 11.815 Thread 0x000000001f9d7000 Uncommon trap: reason=bimorphic action=maybe_recompile pc=0x000000000337a724 method=java.io.DataOutputStream.writeShort(I)V @ 12

Internal exceptions (10 events):
Event: 11.541 Thread 0x0000000019f65800 Exception <a 'java/lang/ClassNotFoundException': org/springframework/jmx/export/metadata/AbstractJmxAttributeCustomizer> (0x00000000da2a3d88) thrown at [C:\re\workspace\8-2-build-windows-amd64-cygwin\jdk8u144\9417\hotspot\src\share\vm\classfile\systemDict
Event: 11.541 Thread 0x0000000019f65800 Exception <a 'java/lang/ClassNotFoundException': org/springframework/jmx/export/metadata/ManagedResourceCustomizer> (0x00000000da2baef8) thrown at [C:\re\workspace\8-2-build-windows-amd64-cygwin\jdk8u144\9417\hotspot\src\share\vm\classfile\systemDictionar
Event: 11.567 Thread 0x0000000019f65800 Exception <a 'java/lang/ClassNotFoundException': java/lang/ObjectCustomizer> (0x00000000da32fb58) thrown at [C:\re\workspace\8-2-build-windows-amd64-cygwin\jdk8u144\9417\hotspot\src\share\vm\classfile\systemDictionary.cpp, line 210]
Event: 11.568 Thread 0x0000000019f65800 Exception <a 'java/lang/ClassNotFoundException': org/springframework/jmx/export/metadata/AbstractJmxAttributeCustomizer> (0x00000000da3451f8) thrown at [C:\re\workspace\8-2-build-windows-amd64-cygwin\jdk8u144\9417\hotspot\src\share\vm\classfile\systemDict
Event: 11.569 Thread 0x0000000019f65800 Exception <a 'java/lang/ClassNotFoundException': org/springframework/jmx/export/metadata/ManagedAttributeCustomizer> (0x00000000da35bc60) thrown at [C:\re\workspace\8-2-build-windows-amd64-cygwin\jdk8u144\9417\hotspot\src\share\vm\classfile\systemDictiona
Event: 11.580 Thread 0x0000000019f65800 Exception <a 'java/lang/ClassNotFoundException': java/lang/ObjectCustomizer> (0x00000000da3cc268) thrown at [C:\re\workspace\8-2-build-windows-amd64-cygwin\jdk8u144\9417\hotspot\src\share\vm\classfile\systemDictionary.cpp, line 210]
Event: 11.581 Thread 0x0000000019f65800 Exception <a 'java/lang/ClassNotFoundException': org/springframework/amqp/rabbit/connection/AbstractConnectionFactoryCustomizer> (0x00000000da3e2e88) thrown at [C:\re\workspace\8-2-build-windows-amd64-cygwin\jdk8u144\9417\hotspot\src\share\vm\classfile\sy
Event: 11.583 Thread 0x0000000019f65800 Exception <a 'java/lang/ClassNotFoundException': org/springframework/amqp/rabbit/connection/ConnectionFactoryCustomizer> (0x00000000da4239e8) thrown at [C:\re\workspace\8-2-build-windows-amd64-cygwin\jdk8u144\9417\hotspot\src\share\vm\classfile\systemDict
Event: 11.584 Thread 0x0000000019f65800 Exception <a 'java/lang/ClassNotFoundException': org/springframework/beans/factory/DisposableBeanCustomizer> (0x00000000da439b98) thrown at [C:\re\workspace\8-2-build-windows-amd64-cygwin\jdk8u144\9417\hotspot\src\share\vm\classfile\systemDictionary.cpp, 
Event: 11.584 Thread 0x0000000019f65800 Exception <a 'java/lang/ClassNotFoundException': org/springframework/beans/factory/BeanNameAwareCustomizer> (0x00000000da449dc8) thrown at [C:\re\workspace\8-2-build-windows-amd64-cygwin\jdk8u144\9417\hotspot\src\share\vm\classfile\systemDictionary.cpp, l

Events (10 events):
Event: 12.090 Thread 0x000000001ab01800 Thread added: 0x000000001ab01800
Event: 12.091 Thread 0x000000001ab02800 Thread added: 0x000000001ab02800
Event: 12.092 Executing VM operation: BulkRevokeBias
Event: 12.092 Executing VM operation: BulkRevokeBias done
Event: 12.093 Executing VM operation: RevokeBias
Event: 12.093 Executing VM operation: RevokeBias done
Event: 12.093 Executing VM operation: RevokeBias
Event: 12.093 Executing VM operation: RevokeBias done
Event: 12.095 Thread 0x000000001ab04800 Thread added: 0x000000001ab04800
Event: 12.095 Thread 0x000000001ab01000 Thread added: 0x000000001ab01000


Dynamic libraries:
0x00007ff6d1ef0000 - 0x00007ff6d1f27000 	D:\Program Files\Java\jdk1.8.0_144\bin\java.exe
0x00007ffeb5e40000 - 0x00007ffeb6021000 	C:\WINDOWS\SYSTEM32\ntdll.dll
0x00007ffeb5bf0000 - 0x00007ffeb5ca2000 	C:\WINDOWS\System32\KERNEL32.DLL
0x00007ffeb2a10000 - 0x00007ffeb2c83000 	C:\WINDOWS\System32\KERNELBASE.dll
0x00007ffeb5470000 - 0x00007ffeb5511000 	C:\WINDOWS\System32\ADVAPI32.dll
0x00007ffeb5520000 - 0x00007ffeb55be000 	C:\WINDOWS\System32\msvcrt.dll
0x00007ffeb5280000 - 0x00007ffeb52db000 	C:\WINDOWS\System32\sechost.dll
0x00007ffeb4940000 - 0x00007ffeb4a64000 	C:\WINDOWS\System32\RPCRT4.dll
0x00007ffeb5a60000 - 0x00007ffeb5bf0000 	C:\WINDOWS\System32\USER32.dll
0x00007ffeb29f0000 - 0x00007ffeb2a10000 	C:\WINDOWS\System32\win32u.dll
0x00007ffeb53a0000 - 0x00007ffeb53c8000 	C:\WINDOWS\System32\GDI32.dll
0x00007ffeb2f20000 - 0x00007ffeb30b2000 	C:\WINDOWS\System32\gdi32full.dll
0x00007ffeb2e80000 - 0x00007ffeb2f1f000 	C:\WINDOWS\System32\msvcp_win.dll
0x00007ffeb3120000 - 0x00007ffeb321a000 	C:\WINDOWS\System32\ucrtbase.dll
0x00007ffea2610000 - 0x00007ffea2879000 	C:\WINDOWS\WinSxS\amd64_microsoft.windows.common-controls_6595b64144ccf1df_6.0.17134.228_none_fb4599993062b194\COMCTL32.dll
0x00007ffeb5730000 - 0x00007ffeb5a53000 	C:\WINDOWS\System32\combase.dll
0x00007ffeb2210000 - 0x00007ffeb228a000 	C:\WINDOWS\System32\bcryptPrimitives.dll
0x00007ffeb34d0000 - 0x00007ffeb34fd000 	C:\WINDOWS\System32\IMM32.DLL
0x00000000693f0000 - 0x00000000694c2000 	D:\Program Files\Java\jdk1.8.0_144\jre\bin\msvcr100.dll
0x0000000068b50000 - 0x00000000693ed000 	D:\Program Files\Java\jdk1.8.0_144\jre\bin\server\jvm.dll
0x00007ffeb5d10000 - 0x00007ffeb5d18000 	C:\WINDOWS\System32\PSAPI.DLL
0x00007ffeadc60000 - 0x00007ffeadc83000 	C:\WINDOWS\SYSTEM32\WINMM.dll
0x00007ffeae270000 - 0x00007ffeae279000 	C:\WINDOWS\SYSTEM32\WSOCK32.dll
0x00007ffeb4f20000 - 0x00007ffeb4f8c000 	C:\WINDOWS\System32\WS2_32.dll
0x00007ffea34d0000 - 0x00007ffea34da000 	C:\WINDOWS\SYSTEM32\VERSION.dll
0x00007ffeadc30000 - 0x00007ffeadc5a000 	C:\WINDOWS\SYSTEM32\WINMMBASE.dll
0x00007ffeb2290000 - 0x00007ffeb22d9000 	C:\WINDOWS\System32\cfgmgr32.dll
0x000000006b2c0000 - 0x000000006b2cf000 	D:\Program Files\Java\jdk1.8.0_144\jre\bin\verify.dll
0x000000006ad60000 - 0x000000006ad89000 	D:\Program Files\Java\jdk1.8.0_144\jre\bin\java.dll
0x0000000068b20000 - 0x0000000068b43000 	D:\Program Files\Java\jdk1.8.0_144\jre\bin\instrument.dll
0x000000006ad40000 - 0x000000006ad56000 	D:\Program Files\Java\jdk1.8.0_144\jre\bin\zip.dll
0x00007ffeb3500000 - 0x00007ffeb4940000 	C:\WINDOWS\System32\SHELL32.dll
0x00007ffeb52f0000 - 0x00007ffeb5399000 	C:\WINDOWS\System32\shcore.dll
0x00007ffeb22e0000 - 0x00007ffeb29ed000 	C:\WINDOWS\System32\windows.storage.dll
0x00007ffeb4a70000 - 0x00007ffeb4ac1000 	C:\WINDOWS\System32\shlwapi.dll
0x00007ffeb21d0000 - 0x00007ffeb21e1000 	C:\WINDOWS\System32\kernel.appcore.dll
0x00007ffeb21b0000 - 0x00007ffeb21cf000 	C:\WINDOWS\System32\profapi.dll
0x00007ffeb2160000 - 0x00007ffeb21ac000 	C:\WINDOWS\System32\powrprof.dll
0x00007ffeb2150000 - 0x00007ffeb215a000 	C:\WINDOWS\System32\FLTLIB.DLL
0x00007ffead7b0000 - 0x00007ffead7ca000 	D:\Program Files\JetBrains\IntelliJ IDEA 2017.2\bin\breakgen64.dll
0x000000006ad20000 - 0x000000006ad3a000 	D:\Program Files\Java\jdk1.8.0_144\jre\bin\net.dll
0x00007ffeb19b0000 - 0x00007ffeb1a16000 	C:\WINDOWS\system32\mswsock.dll
0x000000006ad10000 - 0x000000006ad1d000 	D:\Program Files\Java\jdk1.8.0_144\jre\bin\management.dll
0x00007ffea3d70000 - 0x00007ffea3d86000 	C:\WINDOWS\system32\napinsp.dll
0x00007ffea3d50000 - 0x00007ffea3d6a000 	C:\WINDOWS\system32\pnrpnsp.dll
0x00007ffeae220000 - 0x00007ffeae239000 	C:\WINDOWS\system32\NLAapi.dll
0x00007ffeb1770000 - 0x00007ffeb182e000 	C:\WINDOWS\SYSTEM32\DNSAPI.dll
0x00007ffeb52e0000 - 0x00007ffeb52e8000 	C:\WINDOWS\System32\NSI.dll
0x00007ffeb1730000 - 0x00007ffeb1768000 	C:\WINDOWS\SYSTEM32\IPHLPAPI.DLL
0x00007ffea3d40000 - 0x00007ffea3d4e000 	C:\WINDOWS\System32\winrnr.dll
0x00007ffea8930000 - 0x00007ffea893a000 	C:\Windows\System32\rasadhlp.dll
0x00007ffea8b20000 - 0x00007ffea8b92000 	C:\WINDOWS\System32\fwpuclnt.dll
0x00007ffeb1c90000 - 0x00007ffeb1cb5000 	C:\WINDOWS\SYSTEM32\bcrypt.dll
0x000000006a780000 - 0x000000006a7a4000 	D:\Program Files\Java\jdk1.8.0_144\jre\bin\sunec.dll
0x000000006afb0000 - 0x000000006afbb000 	D:\Program Files\Java\jdk1.8.0_144\jre\bin\sunmscapi.dll
0x00007ffeb2c90000 - 0x00007ffeb2e72000 	C:\WINDOWS\System32\CRYPT32.dll
0x00007ffeb21f0000 - 0x00007ffeb2202000 	C:\WINDOWS\System32\MSASN1.dll
0x00007ffeb1b60000 - 0x00007ffeb1b77000 	C:\WINDOWS\SYSTEM32\CRYPTSP.dll
0x00007ffeb1590000 - 0x00007ffeb15c3000 	C:\WINDOWS\system32\rsaenh.dll
0x00007ffeb1b80000 - 0x00007ffeb1b8b000 	C:\WINDOWS\SYSTEM32\CRYPTBASE.dll
0x0000000068b00000 - 0x0000000068b11000 	D:\Program Files\Java\jdk1.8.0_144\jre\bin\nio.dll

VM Arguments:
jvm_args: -javaagent:D:\Program Files\JetBrains\IntelliJ IDEA 2017.2\lib\idea_rt.jar=62214:D:\Program Files\JetBrains\IntelliJ IDEA 2017.2\bin -Dfile.encoding=UTF-8 
java_command: com.neo.Application
java_class_path (initial): D:\Program Files\Java\jdk1.8.0_144\jre\lib\charsets.jar;D:\Program Files\Java\jdk1.8.0_144\jre\lib\deploy.jar;D:\Program Files\Java\jdk1.8.0_144\jre\lib\ext\access-bridge-64.jar;D:\Program Files\Java\jdk1.8.0_144\jre\lib\ext\bcprov-ext-jdk15on-1.54.jar;D:\Program Files\Java\jdk1.8.0_144\jre\lib\ext\bcprov-jdk15on-1.54.jar;D:\Program Files\Java\jdk1.8.0_144\jre\lib\ext\cldrdata.jar;D:\Program Files\Java\jdk1.8.0_144\jre\lib\ext\dnsns.jar;D:\Program Files\Java\jdk1.8.0_144\jre\lib\ext\jaccess.jar;D:\Program Files\Java\jdk1.8.0_144\jre\lib\ext\jfxrt.jar;D:\Program Files\Java\jdk1.8.0_144\jre\lib\ext\localedata.jar;D:\Program Files\Java\jdk1.8.0_144\jre\lib\ext\nashorn.jar;D:\Program Files\Java\jdk1.8.0_144\jre\lib\ext\sunec.jar;D:\Program Files\Java\jdk1.8.0_144\jre\lib\ext\sunjce_provider.jar;D:\Program Files\Java\jdk1.8.0_144\jre\lib\ext\sunmscapi.jar;D:\Program Files\Java\jdk1.8.0_144\jre\lib\ext\sunpkcs11.jar;D:\Program Files\Java\jdk1.8.0_144\jre\lib\ext\zipfs.jar;D:\Program Files\Java\jdk1.8.0_144\jre\lib\javaws.jar;D:\Program Files\Java\jdk1.8.0_144\jre\lib\jce.jar;D:\Program Files\Java\jdk1.8.0_144\jre\lib\jfr.jar;D:\Program Files\Java\jdk1.8.0_144\jre\lib\jfxswt.jar;D:\Program Files\Java\jdk1.8.0_144\jre\lib\jsse.jar;D:\Program Files\Java\jdk1.8.0_144\jre\lib\management-agent.jar;D:\Program Files\Java\jdk1.8.0_144\jre\lib\plugin.jar;D:\Program Files\Java\jdk1.8.0_144\jre\lib\resources.jar;D:\Program Files\Java\jdk1.8.0_144\jre\lib\rt.jar;E:\Project\gitdemo\spring-boot-examples\spring-boot-rabbitmq\target\classes;F:\BaiduNetdiskDownload\电商\品优购电商\资源\本地仓库\repository_pinyougou\org\springframework\boot\spring-boot-starter\1.4.2.RELEASE\spring-boot-starter-1.4.2.RELEASE.jar;F:\BaiduNetdiskDownload\电商\品优购电商\资源\本地仓库\repository_pinyougou\org\springframework\boot\spring-boot\1.4.2.RELEASE\spring-boot-1.4.2.RELEASE.jar;F:\BaiduNetdiskDownload\电商\品优购电商\资源\本地仓库\repository_pinyougou\org\springframework\spri
Launcher Type: SUN_STANDARD

Environment Variables:
JAVA_HOME=D:\Program Files\Java\jdk1.8.0_144
CLASSPATH=.;D:\Program Files\Java\jdk1.8.0_144\lib;D:\Program Files\Java\jdk1.8.0_144\lib\tools.jar;D:\apache-tomcat8\common\lib\servlet.jar; 
PATH=C:\ProgramData\Oracle\Java\javapath;D:\ORACLE\app\oracle\product\11.2.0\server\bin;C:\Program Files (x86)\Intel\iCLS Client\;C:\Program Files\Intel\iCLS Client\;C:\Windows\system32;C:\Windows;C:\Windows\System32\Wbem;C:\Windows\System32\WindowsPowerShell\v1.0\;C:\Program Files (x86)\Intel\Intel(R) Management Engine Components\DAL;C:\Program Files\Intel\Intel(R) Management Engine Components\DAL;C:\Program Files (x86)\Intel\Intel(R) Management Engine Components\IPT;C:\Program Files\Intel\Intel(R) Management Engine Components\IPT;C:\Program Files (x86)\NVIDIA Corporation\PhysX\Common;C:\Program Files\Condusiv Technologies\ExpressCache\;D:\Program Files\Java\jdk1.8.0_144\bin;D:\Program Files\Java\jdk1.8.0_144\jre\bin;D:\Program Files\TortoiseSVN\bin;D:\Program Files (x86)\Microsoft SQL Server\100\Tools\Binn\;D:\Program Files\Microsoft SQL Server\100\Tools\Binn\;D:\Program Files\Microsoft SQL Server\100\DTS\Binn\;D:\Program Files (x86)\Microsoft SQL Server\100\Tools\Binn\VSShell\Common7\IDE\;C:\Program Files (x86)\Microsoft Visual Studio 9.0\Common7\IDE\PrivateAssemblies\;D:\Program Files (x86)\Microsoft SQL Server\100\DTS\Binn\;C:\WINDOWS\system32;C:\WINDOWS;C:\WINDOWS\System32\Wbem;C:\WINDOWS\System32\WindowsPowerShell\v1.0\;"D:\apache-tomcat8\lib;D:\apache-tomcat8\bin;";D:\apache-maven-3.5.2-bin\apache-maven-3.5.2\bin;E:\SOFT\;C:\Program Files\MySQL\MySQL Server 5.5\bin;C:\Program Files (x86)\VanDyke Software\Clients\;E:\SOFT\Git\cmd;C:\WINDOWS\System32\OpenSSH\;C:\Program Files\Intel\WiFi\bin\;C:\Program Files\Common Files\Intel\WirelessCommon\;C:\Users\zhangqi\AppData\Local\Microsoft\WindowsApps;C:\Users\zhangqi\AppData\Roaming\npm;C:\Program Files (x86)\VanDyke Software\Clients\;
USERNAME=zhangqi
OS=Windows_NT
PROCESSOR_IDENTIFIER=Intel64 Family 6 Model 61 Stepping 4, GenuineIntel



---------------  S Y S T E M  ---------------

OS: Windows 10.0 , 64 bit Build 17134 (10.0.17134.1)

CPU:total 4 (initial active 4) (2 cores per cpu, 2 threads per core) family 6 model 61 stepping 4, cmov, cx8, fxsr, mmx, sse, sse2, sse3, ssse3, sse4.1, sse4.2, popcnt, avx, avx2, clmul, erms, 3dnowpref, lzcnt, ht, tsc, tscinvbit, bmi1, bmi2, adx

Memory: 4k page, physical 8264960k(1483596k free), swap 8264960k(6780k free)

vm_info: Java HotSpot(TM) 64-Bit Server VM (25.144-b01) for windows-amd64 JRE (1.8.0_144-b01), built on Jul 21 2017 21:57:33 by "java_re" with MS VC++ 10.0 (VS2010)

time: Sat Sep 08 12:41:10 2018
elapsed time: 12 seconds (0d 0h 0m 12s)

