#
# There is insufficient memory for the Java Runtime Environment to continue.
# Native memory allocation (malloc) failed to allocate 1052816 bytes for Chunk::new
# Possible reasons:
#   The system is out of physical RAM or swap space
#   In 32 bit mode, the process size limit was hit
# Possible solutions:
#   Reduce memory load on the system
#   Increase physical memory or swap space
#   Check if swap backing store is full
#   Use 64 bit Java on a 64 bit OS
#   Decrease Java heap size (-Xmx/-Xms)
#   Decrease number of Java threads
#   Decrease Java thread stack sizes (-Xss)
#   Set larger code cache with -XX:ReservedCodeCacheSize=
# This output file may be truncated or incomplete.
#
#  Out of Memory Error (allocation.cpp:390), pid=7036, tid=0x0000000000001c6c
#
# JRE version: Java(TM) SE Runtime Environment (8.0_144-b01) (build 1.8.0_144-b01)
# Java VM: Java HotSpot(TM) 64-Bit Server VM (25.144-b01 mixed mode windows-amd64 compressed oops)
# Failed to write core dump. Minidumps are not enabled by default on client versions of Windows
#

---------------  T H R E A D  ---------------

Current thread (0x0000000018ce5800):  JavaThread "C2 CompilerThread0" daemon [_thread_in_native, id=7276, stack(0x00000000191d0000,0x00000000192d0000)]

Stack: [0x00000000191d0000,0x00000000192d0000]
[error occurred during error reporting (printing stack bounds), id 0xc0000005]

Native frames: (J=compiled Java code, j=interpreted, Vv=VM code, C=native code)


Current CompileTask:
C2:   8837 2900   !   4       org.springframework.core.annotation.AnnotatedElementUtils::searchWithFindSemantics (720 bytes)


---------------  P R O C E S S  ---------------

Java Threads: ( => current thread )
  0x0000000019dc3000 JavaThread "File Watcher" daemon [_thread_blocked, id=8468, stack(0x000000001dbf0000,0x000000001dcf0000)]
  0x0000000019dc7000 JavaThread "restartedMain" [_thread_in_vm, id=11452, stack(0x000000001b050000,0x000000001b150000)]
  0x0000000019dc7800 JavaThread "Thread-0" [_thread_blocked, id=9156, stack(0x000000001af50000,0x000000001b050000)]
  0x0000000018d70000 JavaThread "Service Thread" daemon [_thread_blocked, id=3908, stack(0x00000000194d0000,0x00000000195d0000)]
  0x0000000018d54800 JavaThread "C1 CompilerThread2" daemon [_thread_blocked, id=10772, stack(0x00000000193d0000,0x00000000194d0000)]
  0x0000000018ce9800 JavaThread "C2 CompilerThread1" daemon [_thread_in_native, id=11144, stack(0x00000000192d0000,0x00000000193d0000)]
=>0x0000000018ce5800 JavaThread "C2 CompilerThread0" daemon [_thread_in_native, id=7276, stack(0x00000000191d0000,0x00000000192d0000)]
  0x0000000018ca4800 JavaThread "Monitor Ctrl-Break" daemon [_thread_in_native, id=10404, stack(0x00000000190d0000,0x00000000191d0000)]
  0x0000000018b13800 JavaThread "Attach Listener" daemon [_thread_blocked, id=11864, stack(0x0000000018fd0000,0x00000000190d0000)]
  0x0000000017793000 JavaThread "Signal Dispatcher" daemon [_thread_blocked, id=12544, stack(0x0000000018ed0000,0x0000000018fd0000)]
  0x0000000017769000 JavaThread "Finalizer" daemon [_thread_blocked, id=10284, stack(0x00000000189d0000,0x0000000018ad0000)]
  0x0000000002c55000 JavaThread "Reference Handler" daemon [_thread_blocked, id=7112, stack(0x00000000188d0000,0x00000000189d0000)]
  0x0000000002b65000 JavaThread "main" [_thread_blocked, id=1360, stack(0x0000000002560000,0x0000000002660000)]

Other Threads:
  0x0000000017747800 VMThread [stack: 0x00000000187d0000,0x00000000188d0000] [id=4188]
  0x0000000018e5a800 WatcherThread [stack: 0x00000000195d0000,0x00000000196d0000] [id=9204]

VM state:not at safepoint (normal execution)

VM Mutex/Monitor currently owned by a thread: None

Heap:
 PSYoungGen      total 138240K, used 69381K [0x00000000d5f80000, 0x00000000deb80000, 0x0000000100000000)
  eden space 133120K, 52% used [0x00000000d5f80000,0x00000000da341410,0x00000000de180000)
  from space 5120K, 0% used [0x00000000de180000,0x00000000de180000,0x00000000de680000)
  to   space 5120K, 0% used [0x00000000de680000,0x00000000de680000,0x00000000deb80000)
 ParOldGen       total 65536K, used 13092K [0x0000000081e00000, 0x0000000085e00000, 0x00000000d5f80000)
  object space 65536K, 19% used [0x0000000081e00000,0x0000000082ac9260,0x0000000085e00000)
 Metaspace       used 23764K, capacity 24124K, committed 24448K, reserved 1071104K
  class space    used 3007K, capacity 3118K, committed 3200K, reserved 1048576K

Card table byte_map: [0x0000000012020000,0x0000000012420000] byte_map_base: 0x0000000011c11000

Marking Bits: (ParMarkBitMap*) 0x000000006936d850
 Begin Bits: [0x0000000012ad0000, 0x0000000014a58000)
 End Bits:   [0x0000000014a58000, 0x00000000169e0000)

Polling page: 0x0000000000760000

CodeCache: size=245760Kb used=11181Kb max_used=11182Kb free=234578Kb
 bounds [0x0000000002c60000, 0x0000000003760000, 0x0000000011c60000]
 total_blobs=3284 nmethods=2906 adapters=290
 compilation: enabled

Compilation events (10 events):
Event: 8.757 Thread 0x0000000018d54800 2922       3       org.springframework.beans.CachedIntrospectionResults::getPropertyDescriptors (84 bytes)
Event: 8.758 Thread 0x0000000018d54800 nmethod 2922 0x0000000002d7bf50 code [0x0000000002d7c180, 0x0000000002d7cd98]
Event: 8.760 Thread 0x0000000018d54800 2923   !   3       sun.reflect.GeneratedMethodAccessor2::invoke (63 bytes)
Event: 8.761 Thread 0x0000000018d54800 nmethod 2923 0x0000000002d798d0 code [0x0000000002d79ac0, 0x0000000002d7a1d8]
Event: 8.767 Thread 0x0000000018d54800 2924       3       org.springframework.core.GenericTypeResolver::resolveParameterType (26 bytes)
Event: 8.767 Thread 0x0000000018d54800 nmethod 2924 0x0000000002dfc190 code [0x0000000002dfc340, 0x0000000002dfc7f8]
Event: 8.786 Thread 0x0000000018d54800 2925       3       java.lang.reflect.Field::setFieldAccessor (34 bytes)
Event: 8.786 Thread 0x0000000018d54800 nmethod 2925 0x0000000002d8c8d0 code [0x0000000002d8ca40, 0x0000000002d8cdc8]
Event: 8.829 Thread 0x0000000018d54800 2926       3       org.springframework.core.convert.support.GenericConversionService::getRequiredTypeInfo (57 bytes)
Event: 8.830 Thread 0x0000000018d54800 nmethod 2926 0x0000000003756910 code [0x0000000003756ae0, 0x00000000037573e8]

GC Heap History (10 events):
Event: 1.772 GC heap before
{Heap before GC invocations=2 (full 0):
 PSYoungGen      total 38400K, used 38369K [0x00000000d5f80000, 0x00000000daa80000, 0x0000000100000000)
  eden space 33280K, 100% used [0x00000000d5f80000,0x00000000d8000000,0x00000000d8000000)
  from space 5120K, 99% used [0x00000000d8000000,0x00000000d84f86a8,0x00000000d8500000)
  to   space 5120K, 0% used [0x00000000da580000,0x00000000da580000,0x00000000daa80000)
 ParOldGen       total 87552K, used 754K [0x0000000081e00000, 0x0000000087380000, 0x00000000d5f80000)
  object space 87552K, 0% used [0x0000000081e00000,0x0000000081ebcbb0,0x0000000087380000)
 Metaspace       used 10167K, capacity 10340K, committed 10496K, reserved 1058816K
  class space    used 1152K, capacity 1209K, committed 1280K, reserved 1048576K
Event: 1.784 GC heap after
Heap after GC invocations=2 (full 0):
 PSYoungGen      total 71680K, used 5111K [0x00000000d5f80000, 0x00000000daa80000, 0x0000000100000000)
  eden space 66560K, 0% used [0x00000000d5f80000,0x00000000d5f80000,0x00000000da080000)
  from space 5120K, 99% used [0x00000000da580000,0x00000000daa7dc70,0x00000000daa80000)
  to   space 5120K, 0% used [0x00000000da080000,0x00000000da080000,0x00000000da580000)
 ParOldGen       total 87552K, used 2998K [0x0000000081e00000, 0x0000000087380000, 0x00000000d5f80000)
  object space 87552K, 3% used [0x0000000081e00000,0x00000000820edab0,0x0000000087380000)
 Metaspace       used 10167K, capacity 10340K, committed 10496K, reserved 1058816K
  class space    used 1152K, capacity 1209K, committed 1280K, reserved 1048576K
}
Event: 3.626 GC heap before
{Heap before GC invocations=3 (full 0):
 PSYoungGen      total 71680K, used 71671K [0x00000000d5f80000, 0x00000000daa80000, 0x0000000100000000)
  eden space 66560K, 100% used [0x00000000d5f80000,0x00000000da080000,0x00000000da080000)
  from space 5120K, 99% used [0x00000000da580000,0x00000000daa7dc70,0x00000000daa80000)
  to   space 5120K, 0% used [0x00000000da080000,0x00000000da080000,0x00000000da580000)
 ParOldGen       total 87552K, used 2998K [0x0000000081e00000, 0x0000000087380000, 0x00000000d5f80000)
  object space 87552K, 3% used [0x0000000081e00000,0x00000000820edab0,0x0000000087380000)
 Metaspace       used 16277K, capacity 16480K, committed 16640K, reserved 1064960K
  class space    used 1979K, capacity 2035K, committed 2048K, reserved 1048576K
Event: 3.645 GC heap after
Heap after GC invocations=3 (full 0):
 PSYoungGen      total 71680K, used 5103K [0x00000000d5f80000, 0x00000000deb80000, 0x0000000100000000)
  eden space 66560K, 0% used [0x00000000d5f80000,0x00000000d5f80000,0x00000000da080000)
  from space 5120K, 99% used [0x00000000da080000,0x00000000da57bc60,0x00000000da580000)
  to   space 5120K, 0% used [0x00000000de680000,0x00000000de680000,0x00000000deb80000)
 ParOldGen       total 87552K, used 9110K [0x0000000081e00000, 0x0000000087380000, 0x00000000d5f80000)
  object space 87552K, 10% used [0x0000000081e00000,0x00000000826e5bf8,0x0000000087380000)
 Metaspace       used 16277K, capacity 16480K, committed 16640K, reserved 1064960K
  class space    used 1979K, capacity 2035K, committed 2048K, reserved 1048576K
}
Event: 5.458 GC heap before
{Heap before GC invocations=4 (full 0):
 PSYoungGen      total 71680K, used 71663K [0x00000000d5f80000, 0x00000000deb80000, 0x0000000100000000)
  eden space 66560K, 100% used [0x00000000d5f80000,0x00000000da080000,0x00000000da080000)
  from space 5120K, 99% used [0x00000000da080000,0x00000000da57bc60,0x00000000da580000)
  to   space 5120K, 0% used [0x00000000de680000,0x00000000de680000,0x00000000deb80000)
 ParOldGen       total 87552K, used 9110K [0x0000000081e00000, 0x0000000087380000, 0x00000000d5f80000)
  object space 87552K, 10% used [0x0000000081e00000,0x00000000826e5bf8,0x0000000087380000)
 Metaspace       used 17968K, capacity 18346K, committed 18560K, reserved 1064960K
  class space    used 2215K, capacity 2333K, committed 2432K, reserved 1048576K
Event: 5.527 GC heap after
Heap after GC invocations=4 (full 0):
 PSYoungGen      total 138240K, used 5112K [0x00000000d5f80000, 0x00000000deb80000, 0x0000000100000000)
  eden space 133120K, 0% used [0x00000000d5f80000,0x00000000d5f80000,0x00000000de180000)
  from space 5120K, 99% used [0x00000000de680000,0x00000000deb7e050,0x00000000deb80000)
  to   space 5120K, 0% used [0x00000000de180000,0x00000000de180000,0x00000000de680000)
 ParOldGen       total 87552K, used 11797K [0x0000000081e00000, 0x0000000087380000, 0x00000000d5f80000)
  object space 87552K, 13% used [0x0000000081e00000,0x00000000829857b0,0x0000000087380000)
 Metaspace       used 17968K, capacity 18346K, committed 18560K, reserved 1064960K
  class space    used 2215K, capacity 2333K, committed 2432K, reserved 1048576K
}
Event: 7.308 GC heap before
{Heap before GC invocations=5 (full 0):
 PSYoungGen      total 138240K, used 47620K [0x00000000d5f80000, 0x00000000deb80000, 0x0000000100000000)
  eden space 133120K, 31% used [0x00000000d5f80000,0x00000000d8903020,0x00000000de180000)
  from space 5120K, 99% used [0x00000000de680000,0x00000000deb7e050,0x00000000deb80000)
  to   space 5120K, 0% used [0x00000000de180000,0x00000000de180000,0x00000000de680000)
 ParOldGen       total 87552K, used 11797K [0x0000000081e00000, 0x0000000087380000, 0x00000000d5f80000)
  object space 87552K, 13% used [0x0000000081e00000,0x00000000829857b0,0x0000000087380000)
 Metaspace       used 20755K, capacity 21062K, committed 21296K, reserved 1069056K
  class space    used 2575K, capacity 2661K, committed 2688K, reserved 1048576K
Event: 7.328 GC heap after
Heap after GC invocations=5 (full 0):
 PSYoungGen      total 138240K, used 5090K [0x00000000d5f80000, 0x00000000deb80000, 0x0000000100000000)
  eden space 133120K, 0% used [0x00000000d5f80000,0x00000000d5f80000,0x00000000de180000)
  from space 5120K, 99% used [0x00000000de180000,0x00000000de678b68,0x00000000de680000)
  to   space 5120K, 0% used [0x00000000de680000,0x00000000de680000,0x00000000deb80000)
 ParOldGen       total 87552K, used 16338K [0x0000000081e00000, 0x0000000087380000, 0x00000000d5f80000)
  object space 87552K, 18% used [0x0000000081e00000,0x0000000082df49c8,0x0000000087380000)
 Metaspace       used 20755K, capacity 21062K, committed 21296K, reserved 1069056K
  class space    used 2575K, capacity 2661K, committed 2688K, reserved 1048576K
}
Event: 7.328 GC heap before
{Heap before GC invocations=6 (full 1):
 PSYoungGen      total 138240K, used 5090K [0x00000000d5f80000, 0x00000000deb80000, 0x0000000100000000)
  eden space 133120K, 0% used [0x00000000d5f80000,0x00000000d5f80000,0x00000000de180000)
  from space 5120K, 99% used [0x00000000de180000,0x00000000de678b68,0x00000000de680000)
  to   space 5120K, 0% used [0x00000000de680000,0x00000000de680000,0x00000000deb80000)
 ParOldGen       total 87552K, used 16338K [0x0000000081e00000, 0x0000000087380000, 0x00000000d5f80000)
  object space 87552K, 18% used [0x0000000081e00000,0x0000000082df49c8,0x0000000087380000)
 Metaspace       used 20755K, capacity 21062K, committed 21296K, reserved 1069056K
  class space    used 2575K, capacity 2661K, committed 2688K, reserved 1048576K
Event: 7.409 GC heap after
Heap after GC invocations=6 (full 1):
 PSYoungGen      total 138240K, used 0K [0x00000000d5f80000, 0x00000000deb80000, 0x0000000100000000)
  eden space 133120K, 0% used [0x00000000d5f80000,0x00000000d5f80000,0x00000000de180000)
  from space 5120K, 0% used [0x00000000de180000,0x00000000de180000,0x00000000de680000)
  to   space 5120K, 0% used [0x00000000de680000,0x00000000de680000,0x00000000deb80000)
 ParOldGen       total 65536K, used 13092K [0x0000000081e00000, 0x0000000085e00000, 0x00000000d5f80000)
  object space 65536K, 19% used [0x0000000081e00000,0x0000000082ac9260,0x0000000085e00000)
 Metaspace       used 20755K, capacity 21062K, committed 21296K, reserved 1069056K
  class space    used 2575K, capacity 2661K, committed 2688K, reserved 1048576K
}

Deoptimization events (10 events):
Event: 7.935 Thread 0x0000000019dc7000 Uncommon trap: reason=class_check action=maybe_recompile pc=0x0000000003622460 method=java.lang.reflect.Array.newInstance(Ljava/lang/Class;I)Ljava/lang/Object; @ 2
Event: 7.935 Thread 0x0000000019dc7000 Uncommon trap: reason=class_check action=maybe_recompile pc=0x0000000003622460 method=java.lang.reflect.Array.newInstance(Ljava/lang/Class;I)Ljava/lang/Object; @ 2
Event: 8.089 Thread 0x0000000019dc7000 Uncommon trap: reason=bimorphic action=maybe_recompile pc=0x000000000330ae00 method=java.util.AbstractCollection.toArray()[Ljava/lang/Object; @ 1
Event: 8.089 Thread 0x0000000019dc7000 Uncommon trap: reason=bimorphic action=maybe_recompile pc=0x000000000330ae00 method=java.util.AbstractCollection.toArray()[Ljava/lang/Object; @ 1
Event: 8.089 Thread 0x0000000019dc7000 Uncommon trap: reason=bimorphic action=maybe_recompile pc=0x000000000330ae00 method=java.util.AbstractCollection.toArray()[Ljava/lang/Object; @ 1
Event: 8.089 Thread 0x0000000019dc7000 Uncommon trap: reason=bimorphic action=maybe_recompile pc=0x000000000330ae00 method=java.util.AbstractCollection.toArray()[Ljava/lang/Object; @ 1
Event: 8.116 Thread 0x0000000019dc7000 Uncommon trap: reason=null_check action=make_not_entrant pc=0x000000000360f690 method=java.util.AbstractCollection.toArray([Ljava/lang/Object;)[Ljava/lang/Object; @ 119
Event: 8.430 Thread 0x0000000019dc7000 Uncommon trap: reason=unstable_if action=reinterpret pc=0x00000000036e7a60 method=java.lang.Class$MethodArray.add(Ljava/lang/reflect/Method;)V @ 58
Event: 8.572 Thread 0x0000000019dc7000 Uncommon trap: reason=unstable_if action=reinterpret pc=0x00000000036f10b8 method=org.springframework.beans.factory.support.DefaultSingletonBeanRegistry.getSingleton(Ljava/lang/String;Z)Ljava/lang/Object; @ 47
Event: 8.735 Thread 0x0000000019dc7000 Uncommon trap: reason=null_check action=make_not_entrant pc=0x000000000368502c method=org.springframework.core.annotation.AnnotationUtils.isSynthesizable(Ljava/lang/Class;)Z @ 84

Internal exceptions (10 events):
Event: 8.719 Thread 0x0000000019dc7000 Exception <a 'java/lang/ClassNotFoundException': org/springframework/jmx/export/metadata/AbstractJmxAttributeCustomizer> (0x00000000d9f31510) thrown at [C:\re\workspace\8-2-build-windows-amd64-cygwin\jdk8u144\9417\hotspot\src\share\vm\classfile\systemDict
Event: 8.719 Thread 0x0000000019dc7000 Exception <a 'java/lang/ClassNotFoundException': org/springframework/jmx/export/metadata/ManagedResourceCustomizer> (0x00000000d9f48640) thrown at [C:\re\workspace\8-2-build-windows-amd64-cygwin\jdk8u144\9417\hotspot\src\share\vm\classfile\systemDictionar
Event: 8.736 Thread 0x0000000019dc7000 Exception <a 'java/lang/ClassNotFoundException': java/lang/ObjectCustomizer> (0x00000000d9fbcf90) thrown at [C:\re\workspace\8-2-build-windows-amd64-cygwin\jdk8u144\9417\hotspot\src\share\vm\classfile\systemDictionary.cpp, line 210]
Event: 8.736 Thread 0x0000000019dc7000 Exception <a 'java/lang/ClassNotFoundException': org/springframework/jmx/export/metadata/AbstractJmxAttributeCustomizer> (0x00000000d9fd25f0) thrown at [C:\re\workspace\8-2-build-windows-amd64-cygwin\jdk8u144\9417\hotspot\src\share\vm\classfile\systemDict
Event: 8.739 Thread 0x0000000019dc7000 Exception <a 'java/lang/ClassNotFoundException': org/springframework/jmx/export/metadata/ManagedAttributeCustomizer> (0x00000000d9fe9018) thrown at [C:\re\workspace\8-2-build-windows-amd64-cygwin\jdk8u144\9417\hotspot\src\share\vm\classfile\systemDictiona
Event: 8.759 Thread 0x0000000019dc7000 Exception <a 'java/lang/ClassNotFoundException': java/lang/ObjectCustomizer> (0x00000000da059560) thrown at [C:\re\workspace\8-2-build-windows-amd64-cygwin\jdk8u144\9417\hotspot\src\share\vm\classfile\systemDictionary.cpp, line 210]
Event: 8.759 Thread 0x0000000019dc7000 Exception <a 'java/lang/ClassNotFoundException': org/springframework/amqp/rabbit/connection/AbstractConnectionFactoryCustomizer> (0x00000000da070140) thrown at [C:\re\workspace\8-2-build-windows-amd64-cygwin\jdk8u144\9417\hotspot\src\share\vm\classfile\sy
Event: 8.762 Thread 0x0000000019dc7000 Exception <a 'java/lang/ClassNotFoundException': org/springframework/amqp/rabbit/connection/ConnectionFactoryCustomizer> (0x00000000da0b0750) thrown at [C:\re\workspace\8-2-build-windows-amd64-cygwin\jdk8u144\9417\hotspot\src\share\vm\classfile\systemDict
Event: 8.763 Thread 0x0000000019dc7000 Exception <a 'java/lang/ClassNotFoundException': org/springframework/beans/factory/DisposableBeanCustomizer> (0x00000000da0c68c0) thrown at [C:\re\workspace\8-2-build-windows-amd64-cygwin\jdk8u144\9417\hotspot\src\share\vm\classfile\systemDictionary.cpp, 
Event: 8.763 Thread 0x0000000019dc7000 Exception <a 'java/lang/ClassNotFoundException': org/springframework/beans/factory/BeanNameAwareCustomizer> (0x00000000da0d6ab0) thrown at [C:\re\workspace\8-2-build-windows-amd64-cygwin\jdk8u144\9417\hotspot\src\share\vm\classfile\systemDictionary.cpp, l

Events (10 events):
Event: 8.826 loading class org/springframework/amqp/rabbit/core/ChannelAwareMessageListener
Event: 8.826 loading class org/springframework/amqp/rabbit/core/ChannelAwareMessageListener done
Event: 8.826 loading class org/springframework/amqp/rabbit/listener/adapter/ReplyFailureException
Event: 8.826 loading class org/springframework/amqp/rabbit/listener/adapter/ReplyFailureException done
Event: 8.827 loading class org/springframework/amqp/rabbit/listener/adapter/MessagingMessageListenerAdapter$MessagingMessageConverterAdapter
Event: 8.827 loading class org/springframework/amqp/rabbit/listener/adapter/MessagingMessageListenerAdapter$MessagingMessageConverterAdapter done
Event: 8.828 loading class org/springframework/expression/common/TemplateParserContext
Event: 8.828 loading class org/springframework/expression/common/TemplateParserContext done
Event: 8.829 loading class org/springframework/messaging/handler/annotation/support/DefaultMessageHandlerMethodFactory
Event: 8.829 loading class org/springframework/messaging/handler/annotation/support/DefaultMessageHandlerMethodFactory done


Dynamic libraries:
0x00007ff6d1ef0000 - 0x00007ff6d1f27000 	D:\Program Files\Java\jdk1.8.0_144\bin\java.exe
0x00007ffeb5e40000 - 0x00007ffeb6021000 	C:\WINDOWS\SYSTEM32\ntdll.dll
0x00007ffeb5bf0000 - 0x00007ffeb5ca2000 	C:\WINDOWS\System32\KERNEL32.DLL
0x00007ffeb2a10000 - 0x00007ffeb2c83000 	C:\WINDOWS\System32\KERNELBASE.dll
0x00007ffeb5470000 - 0x00007ffeb5511000 	C:\WINDOWS\System32\ADVAPI32.dll
0x00007ffeb5520000 - 0x00007ffeb55be000 	C:\WINDOWS\System32\msvcrt.dll
0x00007ffeb5280000 - 0x00007ffeb52db000 	C:\WINDOWS\System32\sechost.dll
0x00007ffeb4940000 - 0x00007ffeb4a64000 	C:\WINDOWS\System32\RPCRT4.dll
0x00007ffeb5a60000 - 0x00007ffeb5bf0000 	C:\WINDOWS\System32\USER32.dll
0x00007ffeb29f0000 - 0x00007ffeb2a10000 	C:\WINDOWS\System32\win32u.dll
0x00007ffeb53a0000 - 0x00007ffeb53c8000 	C:\WINDOWS\System32\GDI32.dll
0x00007ffeb2f20000 - 0x00007ffeb30b2000 	C:\WINDOWS\System32\gdi32full.dll
0x00007ffeb2e80000 - 0x00007ffeb2f1f000 	C:\WINDOWS\System32\msvcp_win.dll
0x00007ffeb3120000 - 0x00007ffeb321a000 	C:\WINDOWS\System32\ucrtbase.dll
0x00007ffea2610000 - 0x00007ffea2879000 	C:\WINDOWS\WinSxS\amd64_microsoft.windows.common-controls_6595b64144ccf1df_6.0.17134.228_none_fb4599993062b194\COMCTL32.dll
0x00007ffeb5730000 - 0x00007ffeb5a53000 	C:\WINDOWS\System32\combase.dll
0x00007ffeb2210000 - 0x00007ffeb228a000 	C:\WINDOWS\System32\bcryptPrimitives.dll
0x00007ffeb34d0000 - 0x00007ffeb34fd000 	C:\WINDOWS\System32\IMM32.DLL
0x00000000693f0000 - 0x00000000694c2000 	D:\Program Files\Java\jdk1.8.0_144\jre\bin\msvcr100.dll
0x0000000068b50000 - 0x00000000693ed000 	D:\Program Files\Java\jdk1.8.0_144\jre\bin\server\jvm.dll
0x00007ffeb5d10000 - 0x00007ffeb5d18000 	C:\WINDOWS\System32\PSAPI.DLL
0x00007ffeadc60000 - 0x00007ffeadc83000 	C:\WINDOWS\SYSTEM32\WINMM.dll
0x00007ffea34d0000 - 0x00007ffea34da000 	C:\WINDOWS\SYSTEM32\VERSION.dll
0x00007ffeae270000 - 0x00007ffeae279000 	C:\WINDOWS\SYSTEM32\WSOCK32.dll
0x00007ffeb4f20000 - 0x00007ffeb4f8c000 	C:\WINDOWS\System32\WS2_32.dll
0x00007ffeadc30000 - 0x00007ffeadc5a000 	C:\WINDOWS\SYSTEM32\winmmbase.dll
0x00007ffeb2290000 - 0x00007ffeb22d9000 	C:\WINDOWS\System32\cfgmgr32.dll
0x000000006b2c0000 - 0x000000006b2cf000 	D:\Program Files\Java\jdk1.8.0_144\jre\bin\verify.dll
0x000000006ad60000 - 0x000000006ad89000 	D:\Program Files\Java\jdk1.8.0_144\jre\bin\java.dll
0x0000000068b20000 - 0x0000000068b43000 	D:\Program Files\Java\jdk1.8.0_144\jre\bin\instrument.dll
0x000000006ad40000 - 0x000000006ad56000 	D:\Program Files\Java\jdk1.8.0_144\jre\bin\zip.dll
0x00007ffeb3500000 - 0x00007ffeb4940000 	C:\WINDOWS\System32\SHELL32.dll
0x00007ffeb52f0000 - 0x00007ffeb5399000 	C:\WINDOWS\System32\shcore.dll
0x00007ffeb22e0000 - 0x00007ffeb29ed000 	C:\WINDOWS\System32\windows.storage.dll
0x00007ffeb4a70000 - 0x00007ffeb4ac1000 	C:\WINDOWS\System32\shlwapi.dll
0x00007ffeb21d0000 - 0x00007ffeb21e1000 	C:\WINDOWS\System32\kernel.appcore.dll
0x00007ffeb21b0000 - 0x00007ffeb21cf000 	C:\WINDOWS\System32\profapi.dll
0x00007ffeb2160000 - 0x00007ffeb21ac000 	C:\WINDOWS\System32\powrprof.dll
0x00007ffeb2150000 - 0x00007ffeb215a000 	C:\WINDOWS\System32\FLTLIB.DLL
0x00007ffead7b0000 - 0x00007ffead7ca000 	D:\Program Files\JetBrains\IntelliJ IDEA 2017.2\bin\breakgen64.dll
0x000000006ad20000 - 0x000000006ad3a000 	D:\Program Files\Java\jdk1.8.0_144\jre\bin\net.dll
0x00007ffeb19b0000 - 0x00007ffeb1a16000 	C:\WINDOWS\system32\mswsock.dll
0x000000006ad10000 - 0x000000006ad1d000 	D:\Program Files\Java\jdk1.8.0_144\jre\bin\management.dll
0x00007ffea3d70000 - 0x00007ffea3d86000 	C:\WINDOWS\system32\napinsp.dll
0x00007ffea3d50000 - 0x00007ffea3d6a000 	C:\WINDOWS\system32\pnrpnsp.dll
0x00007ffeae220000 - 0x00007ffeae239000 	C:\WINDOWS\system32\NLAapi.dll
0x00007ffeb1770000 - 0x00007ffeb182e000 	C:\WINDOWS\SYSTEM32\DNSAPI.dll
0x00007ffeb52e0000 - 0x00007ffeb52e8000 	C:\WINDOWS\System32\NSI.dll
0x00007ffeb1730000 - 0x00007ffeb1768000 	C:\WINDOWS\SYSTEM32\IPHLPAPI.DLL
0x00007ffea3d40000 - 0x00007ffea3d4e000 	C:\WINDOWS\System32\winrnr.dll
0x00007ffea8930000 - 0x00007ffea893a000 	C:\Windows\System32\rasadhlp.dll
0x00007ffea8b20000 - 0x00007ffea8b92000 	C:\WINDOWS\System32\fwpuclnt.dll
0x00007ffeb1c90000 - 0x00007ffeb1cb5000 	C:\WINDOWS\SYSTEM32\bcrypt.dll
0x000000006a780000 - 0x000000006a7a4000 	D:\Program Files\Java\jdk1.8.0_144\jre\bin\sunec.dll
0x000000006afb0000 - 0x000000006afbb000 	D:\Program Files\Java\jdk1.8.0_144\jre\bin\sunmscapi.dll
0x00007ffeb2c90000 - 0x00007ffeb2e72000 	C:\WINDOWS\System32\CRYPT32.dll
0x00007ffeb21f0000 - 0x00007ffeb2202000 	C:\WINDOWS\System32\MSASN1.dll
0x00007ffeb1b60000 - 0x00007ffeb1b77000 	C:\WINDOWS\SYSTEM32\CRYPTSP.dll
0x00007ffeb1590000 - 0x00007ffeb15c3000 	C:\WINDOWS\system32\rsaenh.dll
0x00007ffeb1b80000 - 0x00007ffeb1b8b000 	C:\WINDOWS\SYSTEM32\CRYPTBASE.dll
0x0000000068b00000 - 0x0000000068b11000 	D:\Program Files\Java\jdk1.8.0_144\jre\bin\nio.dll

VM Arguments:
jvm_args: -javaagent:D:\Program Files\JetBrains\IntelliJ IDEA 2017.2\lib\idea_rt.jar=62274:D:\Program Files\JetBrains\IntelliJ IDEA 2017.2\bin -Dfile.encoding=UTF-8 
java_command: com.neo.Application
java_class_path (initial): D:\Program Files\Java\jdk1.8.0_144\jre\lib\charsets.jar;D:\Program Files\Java\jdk1.8.0_144\jre\lib\deploy.jar;D:\Program Files\Java\jdk1.8.0_144\jre\lib\ext\access-bridge-64.jar;D:\Program Files\Java\jdk1.8.0_144\jre\lib\ext\bcprov-ext-jdk15on-1.54.jar;D:\Program Files\Java\jdk1.8.0_144\jre\lib\ext\bcprov-jdk15on-1.54.jar;D:\Program Files\Java\jdk1.8.0_144\jre\lib\ext\cldrdata.jar;D:\Program Files\Java\jdk1.8.0_144\jre\lib\ext\dnsns.jar;D:\Program Files\Java\jdk1.8.0_144\jre\lib\ext\jaccess.jar;D:\Program Files\Java\jdk1.8.0_144\jre\lib\ext\jfxrt.jar;D:\Program Files\Java\jdk1.8.0_144\jre\lib\ext\localedata.jar;D:\Program Files\Java\jdk1.8.0_144\jre\lib\ext\nashorn.jar;D:\Program Files\Java\jdk1.8.0_144\jre\lib\ext\sunec.jar;D:\Program Files\Java\jdk1.8.0_144\jre\lib\ext\sunjce_provider.jar;D:\Program Files\Java\jdk1.8.0_144\jre\lib\ext\sunmscapi.jar;D:\Program Files\Java\jdk1.8.0_144\jre\lib\ext\sunpkcs11.jar;D:\Program Files\Java\jdk1.8.0_144\jre\lib\ext\zipfs.jar;D:\Program Files\Java\jdk1.8.0_144\jre\lib\javaws.jar;D:\Program Files\Java\jdk1.8.0_144\jre\lib\jce.jar;D:\Program Files\Java\jdk1.8.0_144\jre\lib\jfr.jar;D:\Program Files\Java\jdk1.8.0_144\jre\lib\jfxswt.jar;D:\Program Files\Java\jdk1.8.0_144\jre\lib\jsse.jar;D:\Program Files\Java\jdk1.8.0_144\jre\lib\management-agent.jar;D:\Program Files\Java\jdk1.8.0_144\jre\lib\plugin.jar;D:\Program Files\Java\jdk1.8.0_144\jre\lib\resources.jar;D:\Program Files\Java\jdk1.8.0_144\jre\lib\rt.jar;E:\Project\gitdemo\spring-boot-examples\spring-boot-rabbitmq\target\classes;F:\BaiduNetdiskDownload\电商\品优购电商\资源\本地仓库\repository_pinyougou\org\springframework\boot\spring-boot-starter\1.4.2.RELEASE\spring-boot-starter-1.4.2.RELEASE.jar;F:\BaiduNetdiskDownload\电商\品优购电商\资源\本地仓库\repository_pinyougou\org\springframework\boot\spring-boot\1.4.2.RELEASE\spring-boot-1.4.2.RELEASE.jar;F:\BaiduNetdiskDownload\电商\品优购电商\资源\本地仓库\repository_pinyougou\org\springframework\spri
Launcher Type: SUN_STANDARD

Environment Variables:
JAVA_HOME=D:\Program Files\Java\jdk1.8.0_144
CLASSPATH=.;D:\Program Files\Java\jdk1.8.0_144\lib;D:\Program Files\Java\jdk1.8.0_144\lib\tools.jar;D:\apache-tomcat8\common\lib\servlet.jar; 
PATH=C:\ProgramData\Oracle\Java\javapath;D:\ORACLE\app\oracle\product\11.2.0\server\bin;C:\Program Files (x86)\Intel\iCLS Client\;C:\Program Files\Intel\iCLS Client\;C:\Windows\system32;C:\Windows;C:\Windows\System32\Wbem;C:\Windows\System32\WindowsPowerShell\v1.0\;C:\Program Files (x86)\Intel\Intel(R) Management Engine Components\DAL;C:\Program Files\Intel\Intel(R) Management Engine Components\DAL;C:\Program Files (x86)\Intel\Intel(R) Management Engine Components\IPT;C:\Program Files\Intel\Intel(R) Management Engine Components\IPT;C:\Program Files (x86)\NVIDIA Corporation\PhysX\Common;C:\Program Files\Condusiv Technologies\ExpressCache\;D:\Program Files\Java\jdk1.8.0_144\bin;D:\Program Files\Java\jdk1.8.0_144\jre\bin;D:\Program Files\TortoiseSVN\bin;D:\Program Files (x86)\Microsoft SQL Server\100\Tools\Binn\;D:\Program Files\Microsoft SQL Server\100\Tools\Binn\;D:\Program Files\Microsoft SQL Server\100\DTS\Binn\;D:\Program Files (x86)\Microsoft SQL Server\100\Tools\Binn\VSShell\Common7\IDE\;C:\Program Files (x86)\Microsoft Visual Studio 9.0\Common7\IDE\PrivateAssemblies\;D:\Program Files (x86)\Microsoft SQL Server\100\DTS\Binn\;C:\WINDOWS\system32;C:\WINDOWS;C:\WINDOWS\System32\Wbem;C:\WINDOWS\System32\WindowsPowerShell\v1.0\;"D:\apache-tomcat8\lib;D:\apache-tomcat8\bin;";D:\apache-maven-3.5.2-bin\apache-maven-3.5.2\bin;E:\SOFT\;C:\Program Files\MySQL\MySQL Server 5.5\bin;C:\Program Files (x86)\VanDyke Software\Clients\;E:\SOFT\Git\cmd;C:\WINDOWS\System32\OpenSSH\;C:\Program Files\Intel\WiFi\bin\;C:\Program Files\Common Files\Intel\WirelessCommon\;C:\Users\zhangqi\AppData\Local\Microsoft\WindowsApps;C:\Users\zhangqi\AppData\Roaming\npm;C:\Program Files (x86)\VanDyke Software\Clients\;
USERNAME=zhangqi
OS=Windows_NT
PROCESSOR_IDENTIFIER=Intel64 Family 6 Model 61 Stepping 4, GenuineIntel



---------------  S Y S T E M  ---------------

OS: Windows 10.0 , 64 bit Build 17134 (10.0.17134.1)

CPU:total 4 (initial active 4) (2 cores per cpu, 2 threads per core) family 6 model 61 stepping 4, cmov, cx8, fxsr, mmx, sse, sse2, sse3, ssse3, sse4.1, sse4.2, popcnt, avx, avx2, clmul, erms, 3dnowpref, lzcnt, ht, tsc, tscinvbit, bmi1, bmi2, adx

Memory: 4k page, physical 8264960k(1436416k free), swap 8264960k(5860k free)

vm_info: Java HotSpot(TM) 64-Bit Server VM (25.144-b01) for windows-amd64 JRE (1.8.0_144-b01), built on Jul 21 2017 21:57:33 by "java_re" with MS VC++ 10.0 (VS2010)

time: Sat Sep 08 12:41:48 2018
elapsed time: 8 seconds (0d 0h 0m 8s)

